{"level":"info","message":"Server running on port 8888","service":"playlist-service"}
{"level":"info","message":"Environment:","service":"playlist-service"}
{"level":"info","message":"Spotify Client ID:","service":"playlist-service"}
{"level":"info","message":"Spotify Redirect URI:","service":"playlist-service"}
{"level":"info","message":"Successfully connected to the database","service":"playlist-service"}
{"level":"info","message":"Users table created or already exists","service":"playlist-service"}
{"level":"info","message":"[2024-09-15T19:55:45.952Z] GET /","service":"playlist-service"}
{"level":"info","message":"Query:","service":"playlist-service"}
{"level":"info","message":"Body:","service":"playlist-service"}
{"__stripe_mid":"f5bb14ed-e55a-43bf-adf8-f49fb012ce805b3596","_xsrf":"2|4ac85357|9e5f62bea8ac0ccc05674b575bb70229|1720702565","ajs_anonymous_id":"b5a8dea2-a56d-4d77-bf2d-d23159c456f4","connect.sid":"s:O-bSv4kxE289waWswY_Kk7G4WUeknY2U.Cb7HfPFDtHbBip+KHR1Q+cM1SCMWlIlMM8XGtLlBSzs","level":"info","message":"Cookies:","service":"playlist-service","spotify_refresh_token":"AQA4gat52Z1MpwmeEkjbGyzhCbotdfXKJ09AK9rerrnjKZXMm2moumlD53GwzyP7jkjGpZZjOF85k3qggOLltuiHVQpeGju2oM0TY68npvwWppLZvP8ja_6KSFQEwrgo4QQ"}
{"level":"info","message":"::1 - - [15/Sep/2024:19:55:45 +0000] \"GET / HTTP/1.1\" 200 2884 \"-\" \"Mozilla/5.0 (Macintosh; Intel Mac OS X 10_15_7) AppleWebKit/537.36 (KHTML, like Gecko) Chrome/128.0.0.0 Safari/537.36\"","service":"playlist-service"}
{"level":"info","message":"[2024-09-15T19:55:52.201Z] GET /login","service":"playlist-service"}
{"level":"info","message":"Query:","service":"playlist-service"}
{"level":"info","message":"Body:","service":"playlist-service"}
{"__stripe_mid":"f5bb14ed-e55a-43bf-adf8-f49fb012ce805b3596","_xsrf":"2|4ac85357|9e5f62bea8ac0ccc05674b575bb70229|1720702565","ajs_anonymous_id":"b5a8dea2-a56d-4d77-bf2d-d23159c456f4","connect.sid":"s:uJ0IVhmzccdhmSsbK-YudwQhQ6fmOCL-.9PKMdQjS8EVwFUf1EcwOqapH5OtJHxB36lKQnHLPPF0","level":"info","message":"Cookies:","service":"playlist-service","spotify_refresh_token":"AQA4gat52Z1MpwmeEkjbGyzhCbotdfXKJ09AK9rerrnjKZXMm2moumlD53GwzyP7jkjGpZZjOF85k3qggOLltuiHVQpeGju2oM0TY68npvwWppLZvP8ja_6KSFQEwrgo4QQ"}
{"level":"info","message":"::1 - - [15/Sep/2024:19:55:52 +0000] \"GET /login HTTP/1.1\" 302 321 \"-\" \"Mozilla/5.0 (Macintosh; Intel Mac OS X 10_15_7) AppleWebKit/537.36 (KHTML, like Gecko) Chrome/128.0.0.0 Safari/537.36\"","service":"playlist-service"}
{"level":"info","message":"[2024-09-15T19:55:52.348Z] GET /callback?code=AQCUYS7pqgZitX08XWam_nF7xUJZL13KmphCD2QjA1AMsU4WAQ1cd76kKQ1I4z97DuTCHGsj04NzEXI6F3PWP6f96kWWoMaDhTC0FEqB-YAGsx7FptsAVrxpFVy8beQOHjVHOzm0t1ENcmt72S5WnXLtYGFUoy_EGk2Gwl-sYAqeAKz41LEFh6SrepXZBNmXvLJc8LNREOd8TL185eNBJrVh_HAbhtfNxRsgKUNABKMAnLaF2XeSEbSIga9EVEXut65jV61rwmf0Y6qzbawct3B9Pn6Y0x8&state=2fb13fc0e80e4b247f9dacebe9524079","service":"playlist-service"}
{"code":"AQCUYS7pqgZitX08XWam_nF7xUJZL13KmphCD2QjA1AMsU4WAQ1cd76kKQ1I4z97DuTCHGsj04NzEXI6F3PWP6f96kWWoMaDhTC0FEqB-YAGsx7FptsAVrxpFVy8beQOHjVHOzm0t1ENcmt72S5WnXLtYGFUoy_EGk2Gwl-sYAqeAKz41LEFh6SrepXZBNmXvLJc8LNREOd8TL185eNBJrVh_HAbhtfNxRsgKUNABKMAnLaF2XeSEbSIga9EVEXut65jV61rwmf0Y6qzbawct3B9Pn6Y0x8","level":"info","message":"Query:","service":"playlist-service","state":"2fb13fc0e80e4b247f9dacebe9524079"}
{"level":"info","message":"Body:","service":"playlist-service"}
{"__stripe_mid":"f5bb14ed-e55a-43bf-adf8-f49fb012ce805b3596","_xsrf":"2|4ac85357|9e5f62bea8ac0ccc05674b575bb70229|1720702565","ajs_anonymous_id":"b5a8dea2-a56d-4d77-bf2d-d23159c456f4","connect.sid":"s:uJ0IVhmzccdhmSsbK-YudwQhQ6fmOCL-.9PKMdQjS8EVwFUf1EcwOqapH5OtJHxB36lKQnHLPPF0","level":"info","message":"Cookies:","service":"playlist-service","spotify_auth_state":"2fb13fc0e80e4b247f9dacebe9524079","spotify_refresh_token":"AQA4gat52Z1MpwmeEkjbGyzhCbotdfXKJ09AK9rerrnjKZXMm2moumlD53GwzyP7jkjGpZZjOF85k3qggOLltuiHVQpeGju2oM0TY68npvwWppLZvP8ja_6KSFQEwrgo4QQ"}
{"level":"info","message":"::1 - - [15/Sep/2024:19:55:52 +0000] \"GET /callback?code=AQCUYS7pqgZitX08XWam_nF7xUJZL13KmphCD2QjA1AMsU4WAQ1cd76kKQ1I4z97DuTCHGsj04NzEXI6F3PWP6f96kWWoMaDhTC0FEqB-YAGsx7FptsAVrxpFVy8beQOHjVHOzm0t1ENcmt72S5WnXLtYGFUoy_EGk2Gwl-sYAqeAKz41LEFh6SrepXZBNmXvLJc8LNREOd8TL185eNBJrVh_HAbhtfNxRsgKUNABKMAnLaF2XeSEbSIga9EVEXut65jV61rwmf0Y6qzbawct3B9Pn6Y0x8&state=2fb13fc0e80e4b247f9dacebe9524079 HTTP/1.1\" 302 66 \"-\" \"Mozilla/5.0 (Macintosh; Intel Mac OS X 10_15_7) AppleWebKit/537.36 (KHTML, like Gecko) Chrome/128.0.0.0 Safari/537.36\"","service":"playlist-service"}
{"level":"info","message":"[2024-09-15T19:55:52.867Z] GET /create-playlist","service":"playlist-service"}
{"level":"info","message":"Query:","service":"playlist-service"}
{"level":"info","message":"Body:","service":"playlist-service"}
{"__stripe_mid":"f5bb14ed-e55a-43bf-adf8-f49fb012ce805b3596","_xsrf":"2|4ac85357|9e5f62bea8ac0ccc05674b575bb70229|1720702565","ajs_anonymous_id":"b5a8dea2-a56d-4d77-bf2d-d23159c456f4","connect.sid":"s:uJ0IVhmzccdhmSsbK-YudwQhQ6fmOCL-.9PKMdQjS8EVwFUf1EcwOqapH5OtJHxB36lKQnHLPPF0","level":"info","message":"Cookies:","service":"playlist-service","spotify_refresh_token":"AQA4gat52Z1MpwmeEkjbGyzhCbotdfXKJ09AK9rerrnjKZXMm2moumlD53GwzyP7jkjGpZZjOF85k3qggOLltuiHVQpeGju2oM0TY68npvwWppLZvP8ja_6KSFQEwrgo4QQ"}
{"level":"info","message":"::1 - - [15/Sep/2024:19:55:52 +0000] \"GET /create-playlist HTTP/1.1\" 200 1587 \"-\" \"Mozilla/5.0 (Macintosh; Intel Mac OS X 10_15_7) AppleWebKit/537.36 (KHTML, like Gecko) Chrome/128.0.0.0 Safari/537.36\"","service":"playlist-service"}
{"level":"info","message":"[2024-09-15T19:55:52.924Z] GET /check-auth","service":"playlist-service"}
{"level":"info","message":"Query:","service":"playlist-service"}
{"level":"info","message":"Body:","service":"playlist-service"}
{"__stripe_mid":"f5bb14ed-e55a-43bf-adf8-f49fb012ce805b3596","_xsrf":"2|4ac85357|9e5f62bea8ac0ccc05674b575bb70229|1720702565","ajs_anonymous_id":"b5a8dea2-a56d-4d77-bf2d-d23159c456f4","connect.sid":"s:uJ0IVhmzccdhmSsbK-YudwQhQ6fmOCL-.9PKMdQjS8EVwFUf1EcwOqapH5OtJHxB36lKQnHLPPF0","level":"info","message":"Cookies:","service":"playlist-service","spotify_refresh_token":"AQA4gat52Z1MpwmeEkjbGyzhCbotdfXKJ09AK9rerrnjKZXMm2moumlD53GwzyP7jkjGpZZjOF85k3qggOLltuiHVQpeGju2oM0TY68npvwWppLZvP8ja_6KSFQEwrgo4QQ"}
{"level":"info","message":"[2024-09-15T19:55:52.927Z] GET /config","service":"playlist-service"}
{"level":"info","message":"Query:","service":"playlist-service"}
{"level":"info","message":"Body:","service":"playlist-service"}
{"__stripe_mid":"f5bb14ed-e55a-43bf-adf8-f49fb012ce805b3596","_xsrf":"2|4ac85357|9e5f62bea8ac0ccc05674b575bb70229|1720702565","ajs_anonymous_id":"b5a8dea2-a56d-4d77-bf2d-d23159c456f4","connect.sid":"s:uJ0IVhmzccdhmSsbK-YudwQhQ6fmOCL-.9PKMdQjS8EVwFUf1EcwOqapH5OtJHxB36lKQnHLPPF0","level":"info","message":"Cookies:","service":"playlist-service","spotify_refresh_token":"AQA4gat52Z1MpwmeEkjbGyzhCbotdfXKJ09AK9rerrnjKZXMm2moumlD53GwzyP7jkjGpZZjOF85k3qggOLltuiHVQpeGju2oM0TY68npvwWppLZvP8ja_6KSFQEwrgo4QQ"}
{"level":"info","message":"::1 - - [15/Sep/2024:19:55:52 +0000] \"GET /check-auth HTTP/1.1\" 200 22 \"-\" \"Mozilla/5.0 (Macintosh; Intel Mac OS X 10_15_7) AppleWebKit/537.36 (KHTML, like Gecko) Chrome/128.0.0.0 Safari/537.36\"","service":"playlist-service"}
{"level":"info","message":"::1 - - [15/Sep/2024:19:55:52 +0000] \"GET /config HTTP/1.1\" 304 - \"-\" \"Mozilla/5.0 (Macintosh; Intel Mac OS X 10_15_7) AppleWebKit/537.36 (KHTML, like Gecko) Chrome/128.0.0.0 Safari/537.36\"","service":"playlist-service"}
{"level":"info","message":"[2024-09-15T19:56:11.972Z] POST /api/create-playlist","service":"playlist-service"}
{"level":"info","message":"Query:","service":"playlist-service"}
{"level":"info","message":"Body:","prompt":"juicy j and artists like him ","service":"playlist-service"}
{"__stripe_mid":"f5bb14ed-e55a-43bf-adf8-f49fb012ce805b3596","_xsrf":"2|4ac85357|9e5f62bea8ac0ccc05674b575bb70229|1720702565","ajs_anonymous_id":"b5a8dea2-a56d-4d77-bf2d-d23159c456f4","connect.sid":"s:uJ0IVhmzccdhmSsbK-YudwQhQ6fmOCL-.9PKMdQjS8EVwFUf1EcwOqapH5OtJHxB36lKQnHLPPF0","level":"info","message":"Cookies:","service":"playlist-service","spotify_refresh_token":"AQA4gat52Z1MpwmeEkjbGyzhCbotdfXKJ09AK9rerrnjKZXMm2moumlD53GwzyP7jkjGpZZjOF85k3qggOLltuiHVQpeGju2oM0TY68npvwWppLZvP8ja_6KSFQEwrgo4QQ"}
{"level":"info","message":"::1 - - [15/Sep/2024:19:56:12 +0000] \"POST /api/create-playlist HTTP/1.1\" 403 97 \"-\" \"Mozilla/5.0 (Macintosh; Intel Mac OS X 10_15_7) AppleWebKit/537.36 (KHTML, like Gecko) Chrome/128.0.0.0 Safari/537.36\"","service":"playlist-service"}
{"level":"info","message":"[2024-09-15T19:56:16.495Z] POST /create-checkout-session","service":"playlist-service"}
{"level":"info","message":"Query:","service":"playlist-service"}
{"level":"info","message":"Body:","service":"playlist-service"}
{"__stripe_mid":"f5bb14ed-e55a-43bf-adf8-f49fb012ce805b3596","_xsrf":"2|4ac85357|9e5f62bea8ac0ccc05674b575bb70229|1720702565","ajs_anonymous_id":"b5a8dea2-a56d-4d77-bf2d-d23159c456f4","connect.sid":"s:uJ0IVhmzccdhmSsbK-YudwQhQ6fmOCL-.9PKMdQjS8EVwFUf1EcwOqapH5OtJHxB36lKQnHLPPF0","level":"info","message":"Cookies:","service":"playlist-service","spotify_refresh_token":"AQA4gat52Z1MpwmeEkjbGyzhCbotdfXKJ09AK9rerrnjKZXMm2moumlD53GwzyP7jkjGpZZjOF85k3qggOLltuiHVQpeGju2oM0TY68npvwWppLZvP8ja_6KSFQEwrgo4QQ"}
{"level":"info","message":"::1 - - [15/Sep/2024:19:56:18 +0000] \"POST /create-checkout-session HTTP/1.1\" 200 75 \"-\" \"Mozilla/5.0 (Macintosh; Intel Mac OS X 10_15_7) AppleWebKit/537.36 (KHTML, like Gecko) Chrome/128.0.0.0 Safari/537.36\"","service":"playlist-service"}
